<?xml version="1.0" encoding="UTF-8"?>
<!-- Generated by org.testng.reporters.JUnitXMLReporter -->
<testsuite ignored="0" hostname="Srinivasulu" failures="1" tests="8" name="Banking Test Cases" time="50.413" errors="0" timestamp="2022-05-03T10:21:36 IST">
  <testcase classname="com.marvelbank.qa.testcases.LoginPageTest" name="validateTitle" time="0.016"/>
  <testcase classname="com.marvelbank.qa.testcases.LoginPageTest" name="validateLogo" time="0.037"/>
  <testcase classname="com.marvelbank.qa.testcases.LoginPageTest" name="loginToApp" time="1.747"/>
  <testcase classname="com.marvelbank.qa.testcases.HomePageTest" name="validateTitle" time="0.009"/>
  <testcase classname="com.marvelbank.qa.testcases.HomePageTest" name="validateLogo" time="0.031"/>
  <testcase classname="com.marvelbank.qa.testcases.HomePageTest" name="clickDeleteCustomerBtn" time="1.313"/>
  <testcase classname="com.marvelbank.qa.testcases.DeleteCustomerPageTest" name="validateDeleteCustomerPageTitle" time="0.011">
    <failure type="java.lang.AssertionError" message="expected [Guru99 Bank Delete Customer Page] but found [Guru99 Bank Manager HomePage]">
      <![CDATA[java.lang.AssertionError: expected [Guru99 Bank Delete Customer Page] but found [Guru99 Bank Manager HomePage]
at com.marvelbank.qa.testcases.DeleteCustomerPageTest.validateDeleteCustomerPageTitle(DeleteCustomerPageTest.java:33)
at java.base/java.util.ArrayList.forEach(ArrayList.java:1511)
... Removed 33 stack frames]]>
    </failure>
  </testcase> <!-- validateDeleteCustomerPageTitle -->
  <testcase classname="com.marvelbank.qa.testcases.DeleteCustomerPageTest" name="deleteTheCustomer" time="1.076"/>
</testsuite> <!-- Banking Test Cases -->
